[DEBUG][2017-04-12 18:00:35,883][org.springframework.test.context.junit4.SpringJUnit4ClassRunner]SpringJUnit4ClassRunner constructor called with [class com.zz.controller.TestJ].
[DEBUG][2017-04-12 18:00:35,927][org.springframework.test.context.support.AbstractDelegatingSmartContextLoader]Delegating to GenericXmlWebContextLoader to process context configuration [ContextConfigurationAttributes@1a21a14e declaringClass = 'com.zz.controller.TestJ', locations = '{classpath:spring*.xml}', classes = '{}', inheritLocations = true, initializers = '{}', inheritInitializers = true, name = [null], contextLoaderClass = 'org.springframework.test.context.ContextLoader'].
[DEBUG][2017-04-12 18:00:35,929][org.springframework.test.context.ContextLoaderUtils]Could not find an 'annotation declaring class' for annotation type [org.springframework.test.context.ActiveProfiles] and class [com.zz.controller.TestJ]
[DEBUG][2017-04-12 18:00:35,956][org.springframework.test.annotation.ProfileValueUtils]Retrieved @ProfileValueSourceConfiguration [null] for test class [com.zz.controller.TestJ]
[DEBUG][2017-04-12 18:00:35,957][org.springframework.test.annotation.ProfileValueUtils]Retrieved ProfileValueSource type [class org.springframework.test.annotation.SystemProfileValueSource] for class [com.zz.controller.TestJ]
[DEBUG][2017-04-12 18:00:36,060][org.springframework.test.annotation.ProfileValueUtils]Retrieved @ProfileValueSourceConfiguration [null] for test class [com.zz.controller.TestJ]
[DEBUG][2017-04-12 18:00:36,061][org.springframework.test.annotation.ProfileValueUtils]Retrieved ProfileValueSource type [class org.springframework.test.annotation.SystemProfileValueSource] for class [com.zz.controller.TestJ]
[DEBUG][2017-04-12 18:00:36,062][org.springframework.test.annotation.ProfileValueUtils]Retrieved @ProfileValueSourceConfiguration [null] for test class [com.zz.controller.TestJ]
[DEBUG][2017-04-12 18:00:36,062][org.springframework.test.annotation.ProfileValueUtils]Retrieved ProfileValueSource type [class org.springframework.test.annotation.SystemProfileValueSource] for class [com.zz.controller.TestJ]
[DEBUG][2017-04-12 18:00:36,063][org.springframework.test.annotation.ProfileValueUtils]Retrieved @ProfileValueSourceConfiguration [null] for test class [com.zz.controller.TestJ]
[DEBUG][2017-04-12 18:00:36,063][org.springframework.test.annotation.ProfileValueUtils]Retrieved ProfileValueSource type [class org.springframework.test.annotation.SystemProfileValueSource] for class [com.zz.controller.TestJ]
[DEBUG][2017-04-12 18:00:36,065][org.springframework.test.annotation.ProfileValueUtils]Retrieved @ProfileValueSourceConfiguration [null] for test class [com.zz.controller.TestJ]
[DEBUG][2017-04-12 18:00:36,065][org.springframework.test.annotation.ProfileValueUtils]Retrieved ProfileValueSource type [class org.springframework.test.annotation.SystemProfileValueSource] for class [com.zz.controller.TestJ]
[DEBUG][2017-04-12 18:00:36,114][org.springframework.test.context.support.AbstractDelegatingSmartContextLoader]Delegating to GenericXmlWebContextLoader to load context from [WebMergedContextConfiguration@1458e1cc testClass = TestJ, locations = '{classpath:spring*.xml}', classes = '{}', contextInitializerClasses = '[]', activeProfiles = '{}', resourceBasePath = 'src/main/webapp', contextLoader = 'org.springframework.test.context.web.WebDelegatingSmartContextLoader', parent = [null]].
[DEBUG][2017-04-12 18:00:36,114][org.springframework.test.context.web.AbstractGenericWebContextLoader]Loading WebApplicationContext for merged context configuration [WebMergedContextConfiguration@1458e1cc testClass = TestJ, locations = '{classpath:spring*.xml}', classes = '{}', contextInitializerClasses = '[]', activeProfiles = '{}', resourceBasePath = 'src/main/webapp', contextLoader = 'org.springframework.test.context.web.WebDelegatingSmartContextLoader', parent = [null]].
[DEBUG][2017-04-12 18:00:36,285][org.springframework.web.context.support.StandardServletEnvironment]Adding [servletConfigInitParams] PropertySource with lowest search precedence
[DEBUG][2017-04-12 18:00:36,285][org.springframework.web.context.support.StandardServletEnvironment]Adding [servletContextInitParams] PropertySource with lowest search precedence
[DEBUG][2017-04-12 18:00:36,290][org.springframework.web.context.support.StandardServletEnvironment]Adding [jndiProperties] PropertySource with lowest search precedence
[DEBUG][2017-04-12 18:00:36,290][org.springframework.web.context.support.StandardServletEnvironment]Adding [systemProperties] PropertySource with lowest search precedence
[DEBUG][2017-04-12 18:00:36,305][org.springframework.web.context.support.StandardServletEnvironment]Adding [systemEnvironment] PropertySource with lowest search precedence
[DEBUG][2017-04-12 18:00:36,305][org.springframework.web.context.support.StandardServletEnvironment]Initialized StandardServletEnvironment with PropertySources [servletConfigInitParams,servletContextInitParams,jndiProperties,systemProperties,systemEnvironment]
[DEBUG][2017-04-12 18:00:36,324][org.springframework.core.io.support.PathMatchingResourcePatternResolver]Looking for matching resources in directory tree [C:\workspacezz\hi\target\test-classes]
[DEBUG][2017-04-12 18:00:36,324][org.springframework.core.io.support.PathMatchingResourcePatternResolver]Searching directory [C:\workspacezz\hi\target\test-classes] for files matching pattern [C:/workspacezz/hi/target/test-classes/spring*.xml]
[DEBUG][2017-04-12 18:00:36,331][org.springframework.core.io.support.PathMatchingResourcePatternResolver]Resolved location pattern [classpath:spring*.xml] to resources []
[DEBUG][2017-04-12 18:00:36,331][org.springframework.beans.factory.xml.XmlBeanDefinitionReader]Loaded 0 bean definitions from location pattern [classpath:spring*.xml]
[INFO][2017-04-12 18:00:36,390][org.springframework.web.context.support.GenericWebApplicationContext]Refreshing org.springframework.web.context.support.GenericWebApplicationContext@6c7a0a57: startup date [Wed Apr 12 18:00:36 CST 2017]; root of context hierarchy
[DEBUG][2017-04-12 18:00:36,396][org.springframework.web.context.support.StandardServletEnvironment]Replacing [servletContextInitParams] PropertySource with [servletContextInitParams]
[DEBUG][2017-04-12 18:00:36,396][org.springframework.web.context.support.GenericWebApplicationContext]Bean factory for org.springframework.web.context.support.GenericWebApplicationContext@6c7a0a57: org.springframework.beans.factory.support.DefaultListableBeanFactory@f6fb957: defining beans [org.springframework.context.annotation.internalConfigurationAnnotationProcessor,org.springframework.context.annotation.internalAutowiredAnnotationProcessor,org.springframework.context.annotation.internalRequiredAnnotationProcessor,org.springframework.context.annotation.internalCommonAnnotationProcessor]; root of factory hierarchy
[DEBUG][2017-04-12 18:00:36,417][org.springframework.beans.factory.support.DefaultListableBeanFactory]Creating shared instance of singleton bean 'org.springframework.context.annotation.internalConfigurationAnnotationProcessor'
[DEBUG][2017-04-12 18:00:36,418][org.springframework.beans.factory.support.DefaultListableBeanFactory]Creating instance of bean 'org.springframework.context.annotation.internalConfigurationAnnotationProcessor'
[DEBUG][2017-04-12 18:00:36,438][org.springframework.beans.factory.support.DefaultListableBeanFactory]Eagerly caching bean 'org.springframework.context.annotation.internalConfigurationAnnotationProcessor' to allow for resolving potential circular references
[DEBUG][2017-04-12 18:00:36,439][org.springframework.beans.factory.support.DefaultListableBeanFactory]Finished creating instance of bean 'org.springframework.context.annotation.internalConfigurationAnnotationProcessor'
[DEBUG][2017-04-12 18:00:36,447][org.springframework.beans.factory.support.DefaultListableBeanFactory]Creating shared instance of singleton bean 'org.springframework.context.annotation.internalAutowiredAnnotationProcessor'
[DEBUG][2017-04-12 18:00:36,447][org.springframework.beans.factory.support.DefaultListableBeanFactory]Creating instance of bean 'org.springframework.context.annotation.internalAutowiredAnnotationProcessor'
[DEBUG][2017-04-12 18:00:36,448][org.springframework.beans.factory.support.DefaultListableBeanFactory]Eagerly caching bean 'org.springframework.context.annotation.internalAutowiredAnnotationProcessor' to allow for resolving potential circular references
[DEBUG][2017-04-12 18:00:36,448][org.springframework.beans.factory.support.DefaultListableBeanFactory]Finished creating instance of bean 'org.springframework.context.annotation.internalAutowiredAnnotationProcessor'
[DEBUG][2017-04-12 18:00:36,448][org.springframework.beans.factory.support.DefaultListableBeanFactory]Creating shared instance of singleton bean 'org.springframework.context.annotation.internalRequiredAnnotationProcessor'
[DEBUG][2017-04-12 18:00:36,448][org.springframework.beans.factory.support.DefaultListableBeanFactory]Creating instance of bean 'org.springframework.context.annotation.internalRequiredAnnotationProcessor'
[DEBUG][2017-04-12 18:00:36,449][org.springframework.beans.factory.support.DefaultListableBeanFactory]Eagerly caching bean 'org.springframework.context.annotation.internalRequiredAnnotationProcessor' to allow for resolving potential circular references
[DEBUG][2017-04-12 18:00:36,449][org.springframework.beans.factory.support.DefaultListableBeanFactory]Finished creating instance of bean 'org.springframework.context.annotation.internalRequiredAnnotationProcessor'
[DEBUG][2017-04-12 18:00:36,449][org.springframework.beans.factory.support.DefaultListableBeanFactory]Creating shared instance of singleton bean 'org.springframework.context.annotation.internalCommonAnnotationProcessor'
[DEBUG][2017-04-12 18:00:36,449][org.springframework.beans.factory.support.DefaultListableBeanFactory]Creating instance of bean 'org.springframework.context.annotation.internalCommonAnnotationProcessor'
[DEBUG][2017-04-12 18:00:36,451][org.springframework.beans.factory.support.DefaultListableBeanFactory]Eagerly caching bean 'org.springframework.context.annotation.internalCommonAnnotationProcessor' to allow for resolving potential circular references
[DEBUG][2017-04-12 18:00:36,451][org.springframework.beans.factory.support.DefaultListableBeanFactory]Finished creating instance of bean 'org.springframework.context.annotation.internalCommonAnnotationProcessor'
[DEBUG][2017-04-12 18:00:36,451][org.springframework.beans.factory.support.DefaultListableBeanFactory]Creating shared instance of singleton bean 'org.springframework.context.annotation.ConfigurationClassPostProcessor.importAwareProcessor'
[DEBUG][2017-04-12 18:00:36,451][org.springframework.beans.factory.support.DefaultListableBeanFactory]Creating instance of bean 'org.springframework.context.annotation.ConfigurationClassPostProcessor.importAwareProcessor'
[DEBUG][2017-04-12 18:00:36,451][org.springframework.beans.factory.support.DefaultListableBeanFactory]Eagerly caching bean 'org.springframework.context.annotation.ConfigurationClassPostProcessor.importAwareProcessor' to allow for resolving potential circular references
[DEBUG][2017-04-12 18:00:36,451][org.springframework.beans.factory.support.DefaultListableBeanFactory]Finished creating instance of bean 'org.springframework.context.annotation.ConfigurationClassPostProcessor.importAwareProcessor'
[DEBUG][2017-04-12 18:00:36,454][org.springframework.web.context.support.GenericWebApplicationContext]Unable to locate MessageSource with name 'messageSource': using default [org.springframework.context.support.DelegatingMessageSource@291a59e3]
[DEBUG][2017-04-12 18:00:36,456][org.springframework.web.context.support.GenericWebApplicationContext]Unable to locate ApplicationEventMulticaster with name 'applicationEventMulticaster': using default [org.springframework.context.event.SimpleApplicationEventMulticaster@6830d77d]
[DEBUG][2017-04-12 18:00:36,457][org.springframework.ui.context.support.UiApplicationContextUtils]Unable to locate ThemeSource with name 'themeSource': using default [org.springframework.ui.context.support.ResourceBundleThemeSource@3b481cb6]
[INFO][2017-04-12 18:00:36,458][org.springframework.beans.factory.support.DefaultListableBeanFactory]Pre-instantiating singletons in org.springframework.beans.factory.support.DefaultListableBeanFactory@f6fb957: defining beans [org.springframework.context.annotation.internalConfigurationAnnotationProcessor,org.springframework.context.annotation.internalAutowiredAnnotationProcessor,org.springframework.context.annotation.internalRequiredAnnotationProcessor,org.springframework.context.annotation.internalCommonAnnotationProcessor,org.springframework.context.annotation.ConfigurationClassPostProcessor.importAwareProcessor]; root of factory hierarchy
[DEBUG][2017-04-12 18:00:36,458][org.springframework.beans.factory.support.DefaultListableBeanFactory]Returning cached instance of singleton bean 'org.springframework.context.annotation.internalConfigurationAnnotationProcessor'
[DEBUG][2017-04-12 18:00:36,458][org.springframework.beans.factory.support.DefaultListableBeanFactory]Returning cached instance of singleton bean 'org.springframework.context.annotation.internalAutowiredAnnotationProcessor'
[DEBUG][2017-04-12 18:00:36,458][org.springframework.beans.factory.support.DefaultListableBeanFactory]Returning cached instance of singleton bean 'org.springframework.context.annotation.internalRequiredAnnotationProcessor'
[DEBUG][2017-04-12 18:00:36,458][org.springframework.beans.factory.support.DefaultListableBeanFactory]Returning cached instance of singleton bean 'org.springframework.context.annotation.internalCommonAnnotationProcessor'
[DEBUG][2017-04-12 18:00:36,458][org.springframework.beans.factory.support.DefaultListableBeanFactory]Returning cached instance of singleton bean 'org.springframework.context.annotation.ConfigurationClassPostProcessor.importAwareProcessor'
[DEBUG][2017-04-12 18:00:36,460][org.springframework.web.context.support.GenericWebApplicationContext]Unable to locate LifecycleProcessor with name 'lifecycleProcessor': using default [org.springframework.context.support.DefaultLifecycleProcessor@124724ea]
[DEBUG][2017-04-12 18:00:36,460][org.springframework.beans.factory.support.DefaultListableBeanFactory]Returning cached instance of singleton bean 'lifecycleProcessor'
[DEBUG][2017-04-12 18:00:36,462][org.springframework.core.env.PropertySourcesPropertyResolver]Searching for key 'spring.liveBeansView.mbeanDomain' in [servletConfigInitParams]
[DEBUG][2017-04-12 18:00:36,462][org.springframework.core.env.PropertySourcesPropertyResolver]Searching for key 'spring.liveBeansView.mbeanDomain' in [servletContextInitParams]
[DEBUG][2017-04-12 18:00:36,462][org.springframework.core.env.PropertySourcesPropertyResolver]Searching for key 'spring.liveBeansView.mbeanDomain' in [jndiProperties]
[DEBUG][2017-04-12 18:00:36,463][org.springframework.jndi.JndiTemplate]Looking up JNDI object with name [java:comp/env/spring.liveBeansView.mbeanDomain]
[DEBUG][2017-04-12 18:00:36,464][org.springframework.jndi.JndiLocatorDelegate]Converted JNDI name [java:comp/env/spring.liveBeansView.mbeanDomain] not found - trying original name [spring.liveBeansView.mbeanDomain]. javax.naming.NoInitialContextException: Need to specify class name in environment or system property, or as an applet parameter, or in an application resource file:  java.naming.factory.initial
[DEBUG][2017-04-12 18:00:36,464][org.springframework.jndi.JndiTemplate]Looking up JNDI object with name [spring.liveBeansView.mbeanDomain]
[DEBUG][2017-04-12 18:00:36,464][org.springframework.jndi.JndiPropertySource]JNDI lookup for name [spring.liveBeansView.mbeanDomain] threw NamingException with message: Need to specify class name in environment or system property, or as an applet parameter, or in an application resource file:  java.naming.factory.initial. Returning null.
[DEBUG][2017-04-12 18:00:36,465][org.springframework.core.env.PropertySourcesPropertyResolver]Searching for key 'spring.liveBeansView.mbeanDomain' in [systemProperties]
[DEBUG][2017-04-12 18:00:36,465][org.springframework.core.env.PropertySourcesPropertyResolver]Searching for key 'spring.liveBeansView.mbeanDomain' in [systemEnvironment]
[DEBUG][2017-04-12 18:00:36,465][org.springframework.core.env.PropertySourcesPropertyResolver]Could not find key 'spring.liveBeansView.mbeanDomain' in any property source. Returning [null]
[DEBUG][2017-04-12 18:00:36,466][org.springframework.test.context.CacheAwareContextLoaderDelegate]Storing ApplicationContext in cache under key [[WebMergedContextConfiguration@1458e1cc testClass = TestJ, locations = '{classpath:spring*.xml}', classes = '{}', contextInitializerClasses = '[]', activeProfiles = '{}', resourceBasePath = 'src/main/webapp', contextLoader = 'org.springframework.test.context.web.WebDelegatingSmartContextLoader', parent = [null]]].
[DEBUG][2017-04-12 18:00:36,466][org.springframework.test.context.web.ServletTestExecutionListener]Setting up MockHttpServletRequest, MockHttpServletResponse, ServletWebRequest, and RequestContextHolder for test context [TestContext@339699dd testClass = TestJ, testInstance = com.zz.controller.TestJ@644f96a0, testMethod = [null], testException = [null], mergedContextConfiguration = [WebMergedContextConfiguration@1458e1cc testClass = TestJ, locations = '{classpath:spring*.xml}', classes = '{}', contextInitializerClasses = '[]', activeProfiles = '{}', resourceBasePath = 'src/main/webapp', contextLoader = 'org.springframework.test.context.web.WebDelegatingSmartContextLoader', parent = [null]]].
[DEBUG][2017-04-12 18:00:36,482][org.springframework.test.context.support.DependencyInjectionTestExecutionListener]Performing dependency injection for test context [[TestContext@339699dd testClass = TestJ, testInstance = com.zz.controller.TestJ@644f96a0, testMethod = [null], testException = [null], mergedContextConfiguration = [WebMergedContextConfiguration@1458e1cc testClass = TestJ, locations = '{classpath:spring*.xml}', classes = '{}', contextInitializerClasses = '[]', activeProfiles = '{}', resourceBasePath = 'src/main/webapp', contextLoader = 'org.springframework.test.context.web.WebDelegatingSmartContextLoader', parent = [null]]]].
[DEBUG][2017-04-12 18:00:36,483][org.springframework.test.context.CacheAwareContextLoaderDelegate]Retrieved ApplicationContext from cache with key [[WebMergedContextConfiguration@1458e1cc testClass = TestJ, locations = '{classpath:spring*.xml}', classes = '{}', contextInitializerClasses = '[]', activeProfiles = '{}', resourceBasePath = 'src/main/webapp', contextLoader = 'org.springframework.test.context.web.WebDelegatingSmartContextLoader', parent = [null]]].
[DEBUG][2017-04-12 18:00:36,538][org.springframework.beans.factory.annotation.InjectionMetadata]Processing injected method of bean 'com.zz.controller.TestJ': AutowiredMethodElement for public void org.springframework.test.context.junit4.AbstractTransactionalJUnit4SpringContextTests.setDataSource(javax.sql.DataSource)
[ERROR][2017-04-12 18:00:36,540][org.springframework.test.context.TestContextManager]Caught exception while allowing TestExecutionListener [org.springframework.test.context.support.DependencyInjectionTestExecutionListener@420ea16e] to prepare test instance [com.zz.controller.TestJ@644f96a0]
org.springframework.beans.factory.BeanCreationException: Error creating bean with name 'com.zz.controller.TestJ': Injection of autowired dependencies failed; nested exception is org.springframework.beans.factory.BeanCreationException: Could not autowire method: public void org.springframework.test.context.junit4.AbstractTransactionalJUnit4SpringContextTests.setDataSource(javax.sql.DataSource); nested exception is org.springframework.beans.factory.NoSuchBeanDefinitionException: No qualifying bean of type [javax.sql.DataSource] found for dependency: expected at least 1 bean which qualifies as autowire candidate for this dependency. Dependency annotations: {}
	at org.springframework.beans.factory.annotation.AutowiredAnnotationBeanPostProcessor.postProcessPropertyValues(AutowiredAnnotationBeanPostProcessor.java:289)
	at org.springframework.beans.factory.support.AbstractAutowireCapableBeanFactory.populateBean(AbstractAutowireCapableBeanFactory.java:1146)
	at org.springframework.beans.factory.support.AbstractAutowireCapableBeanFactory.autowireBeanProperties(AbstractAutowireCapableBeanFactory.java:376)
	at org.springframework.test.context.support.DependencyInjectionTestExecutionListener.injectDependencies(DependencyInjectionTestExecutionListener.java:110)
	at org.springframework.test.context.support.DependencyInjectionTestExecutionListener.prepareTestInstance(DependencyInjectionTestExecutionListener.java:75)
	at org.springframework.test.context.TestContextManager.prepareTestInstance(TestContextManager.java:321)
	at org.springframework.test.context.junit4.SpringJUnit4ClassRunner.createTest(SpringJUnit4ClassRunner.java:211)
	at org.springframework.test.context.junit4.SpringJUnit4ClassRunner$1.runReflectiveCall(SpringJUnit4ClassRunner.java:288)
	at org.junit.internal.runners.model.ReflectiveCallable.run(ReflectiveCallable.java:12)
	at org.springframework.test.context.junit4.SpringJUnit4ClassRunner.methodBlock(SpringJUnit4ClassRunner.java:284)
	at org.springframework.test.context.junit4.SpringJUnit4ClassRunner.runChild(SpringJUnit4ClassRunner.java:231)
	at org.springframework.test.context.junit4.SpringJUnit4ClassRunner.runChild(SpringJUnit4ClassRunner.java:88)
	at org.junit.runners.ParentRunner$3.run(ParentRunner.java:238)
	at org.junit.runners.ParentRunner$1.schedule(ParentRunner.java:63)
	at org.junit.runners.ParentRunner.runChildren(ParentRunner.java:236)
	at org.junit.runners.ParentRunner.access$000(ParentRunner.java:53)
	at org.junit.runners.ParentRunner$2.evaluate(ParentRunner.java:229)
	at org.springframework.test.context.junit4.statements.RunBeforeTestClassCallbacks.evaluate(RunBeforeTestClassCallbacks.java:61)
	at org.springframework.test.context.junit4.statements.RunAfterTestClassCallbacks.evaluate(RunAfterTestClassCallbacks.java:71)
	at org.junit.runners.ParentRunner.run(ParentRunner.java:309)
	at org.springframework.test.context.junit4.SpringJUnit4ClassRunner.run(SpringJUnit4ClassRunner.java:174)
	at org.eclipse.jdt.internal.junit4.runner.JUnit4TestReference.run(JUnit4TestReference.java:86)
	at org.eclipse.jdt.internal.junit.runner.TestExecution.run(TestExecution.java:38)
	at org.eclipse.jdt.internal.junit.runner.RemoteTestRunner.runTests(RemoteTestRunner.java:459)
	at org.eclipse.jdt.internal.junit.runner.RemoteTestRunner.runTests(RemoteTestRunner.java:675)
	at org.eclipse.jdt.internal.junit.runner.RemoteTestRunner.run(RemoteTestRunner.java:382)
	at org.eclipse.jdt.internal.junit.runner.RemoteTestRunner.main(RemoteTestRunner.java:192)
Caused by: org.springframework.beans.factory.BeanCreationException: Could not autowire method: public void org.springframework.test.context.junit4.AbstractTransactionalJUnit4SpringContextTests.setDataSource(javax.sql.DataSource); nested exception is org.springframework.beans.factory.NoSuchBeanDefinitionException: No qualifying bean of type [javax.sql.DataSource] found for dependency: expected at least 1 bean which qualifies as autowire candidate for this dependency. Dependency annotations: {}
	at org.springframework.beans.factory.annotation.AutowiredAnnotationBeanPostProcessor$AutowiredMethodElement.inject(AutowiredAnnotationBeanPostProcessor.java:604)
	at org.springframework.beans.factory.annotation.InjectionMetadata.inject(InjectionMetadata.java:87)
	at org.springframework.beans.factory.annotation.AutowiredAnnotationBeanPostProcessor.postProcessPropertyValues(AutowiredAnnotationBeanPostProcessor.java:286)
	... 26 more
Caused by: org.springframework.beans.factory.NoSuchBeanDefinitionException: No qualifying bean of type [javax.sql.DataSource] found for dependency: expected at least 1 bean which qualifies as autowire candidate for this dependency. Dependency annotations: {}
	at org.springframework.beans.factory.support.DefaultListableBeanFactory.raiseNoSuchBeanDefinitionException(DefaultListableBeanFactory.java:993)
	at org.springframework.beans.factory.support.DefaultListableBeanFactory.doResolveDependency(DefaultListableBeanFactory.java:863)
	at org.springframework.beans.factory.support.DefaultListableBeanFactory.resolveDependency(DefaultListableBeanFactory.java:775)
	at org.springframework.beans.factory.annotation.AutowiredAnnotationBeanPostProcessor$AutowiredMethodElement.inject(AutowiredAnnotationBeanPostProcessor.java:561)
	... 28 more
[DEBUG][2017-04-12 18:00:36,581][org.springframework.test.context.support.DirtiesContextTestExecutionListener]After test class: context [[TestContext@339699dd testClass = TestJ, testInstance = [null], testMethod = [null], testException = [null], mergedContextConfiguration = [WebMergedContextConfiguration@1458e1cc testClass = TestJ, locations = '{classpath:spring*.xml}', classes = '{}', contextInitializerClasses = '[]', activeProfiles = '{}', resourceBasePath = 'src/main/webapp', contextLoader = 'org.springframework.test.context.web.WebDelegatingSmartContextLoader', parent = [null]]]], dirtiesContext [false].
[INFO][2017-04-12 18:00:36,626][org.springframework.web.context.support.GenericWebApplicationContext]Closing org.springframework.web.context.support.GenericWebApplicationContext@6c7a0a57: startup date [Wed Apr 12 18:00:36 CST 2017]; root of context hierarchy
[DEBUG][2017-04-12 18:00:36,627][org.springframework.beans.factory.support.DefaultListableBeanFactory]Returning cached instance of singleton bean 'lifecycleProcessor'
[INFO][2017-04-12 18:00:36,627][org.springframework.beans.factory.support.DefaultListableBeanFactory]Destroying singletons in org.springframework.beans.factory.support.DefaultListableBeanFactory@f6fb957: defining beans [org.springframework.context.annotation.internalConfigurationAnnotationProcessor,org.springframework.context.annotation.internalAutowiredAnnotationProcessor,org.springframework.context.annotation.internalRequiredAnnotationProcessor,org.springframework.context.annotation.internalCommonAnnotationProcessor,org.springframework.context.annotation.ConfigurationClassPostProcessor.importAwareProcessor]; root of factory hierarchy
[DEBUG][2017-04-12 18:04:33,162][org.springframework.test.context.junit4.SpringJUnit4ClassRunner]SpringJUnit4ClassRunner constructor called with [class com.zz.controller.TestJ].
[DEBUG][2017-04-12 18:04:33,206][org.springframework.test.context.support.AbstractDelegatingSmartContextLoader]Delegating to GenericXmlWebContextLoader to process context configuration [ContextConfigurationAttributes@28e732dc declaringClass = 'com.zz.controller.TestJ', locations = '{classpath:spring*.xml}', classes = '{}', inheritLocations = true, initializers = '{}', inheritInitializers = true, name = [null], contextLoaderClass = 'org.springframework.test.context.ContextLoader'].
[DEBUG][2017-04-12 18:04:33,209][org.springframework.test.context.ContextLoaderUtils]Could not find an 'annotation declaring class' for annotation type [org.springframework.test.context.ActiveProfiles] and class [com.zz.controller.TestJ]
[DEBUG][2017-04-12 18:04:33,239][org.springframework.test.annotation.ProfileValueUtils]Retrieved @ProfileValueSourceConfiguration [null] for test class [com.zz.controller.TestJ]
[DEBUG][2017-04-12 18:04:33,239][org.springframework.test.annotation.ProfileValueUtils]Retrieved ProfileValueSource type [class org.springframework.test.annotation.SystemProfileValueSource] for class [com.zz.controller.TestJ]
[DEBUG][2017-04-12 18:04:33,299][org.springframework.test.annotation.ProfileValueUtils]Retrieved @ProfileValueSourceConfiguration [null] for test class [com.zz.controller.TestJ]
[DEBUG][2017-04-12 18:04:33,300][org.springframework.test.annotation.ProfileValueUtils]Retrieved ProfileValueSource type [class org.springframework.test.annotation.SystemProfileValueSource] for class [com.zz.controller.TestJ]
[DEBUG][2017-04-12 18:04:33,303][org.springframework.test.annotation.ProfileValueUtils]Retrieved @ProfileValueSourceConfiguration [null] for test class [com.zz.controller.TestJ]
[DEBUG][2017-04-12 18:04:33,303][org.springframework.test.annotation.ProfileValueUtils]Retrieved ProfileValueSource type [class org.springframework.test.annotation.SystemProfileValueSource] for class [com.zz.controller.TestJ]
[DEBUG][2017-04-12 18:04:33,304][org.springframework.test.annotation.ProfileValueUtils]Retrieved @ProfileValueSourceConfiguration [null] for test class [com.zz.controller.TestJ]
[DEBUG][2017-04-12 18:04:33,304][org.springframework.test.annotation.ProfileValueUtils]Retrieved ProfileValueSource type [class org.springframework.test.annotation.SystemProfileValueSource] for class [com.zz.controller.TestJ]
[DEBUG][2017-04-12 18:04:33,307][org.springframework.test.annotation.ProfileValueUtils]Retrieved @ProfileValueSourceConfiguration [null] for test class [com.zz.controller.TestJ]
[DEBUG][2017-04-12 18:04:33,311][org.springframework.test.annotation.ProfileValueUtils]Retrieved ProfileValueSource type [class org.springframework.test.annotation.SystemProfileValueSource] for class [com.zz.controller.TestJ]
[DEBUG][2017-04-12 18:04:33,361][org.springframework.test.context.support.AbstractDelegatingSmartContextLoader]Delegating to GenericXmlWebContextLoader to load context from [WebMergedContextConfiguration@621c6849 testClass = TestJ, locations = '{classpath:spring*.xml}', classes = '{}', contextInitializerClasses = '[]', activeProfiles = '{}', resourceBasePath = 'src/main/webapp', contextLoader = 'org.springframework.test.context.web.WebDelegatingSmartContextLoader', parent = [null]].
[DEBUG][2017-04-12 18:04:33,361][org.springframework.test.context.web.AbstractGenericWebContextLoader]Loading WebApplicationContext for merged context configuration [WebMergedContextConfiguration@621c6849 testClass = TestJ, locations = '{classpath:spring*.xml}', classes = '{}', contextInitializerClasses = '[]', activeProfiles = '{}', resourceBasePath = 'src/main/webapp', contextLoader = 'org.springframework.test.context.web.WebDelegatingSmartContextLoader', parent = [null]].
[DEBUG][2017-04-12 18:04:33,517][org.springframework.web.context.support.StandardServletEnvironment]Adding [servletConfigInitParams] PropertySource with lowest search precedence
[DEBUG][2017-04-12 18:04:33,517][org.springframework.web.context.support.StandardServletEnvironment]Adding [servletContextInitParams] PropertySource with lowest search precedence
[DEBUG][2017-04-12 18:04:33,522][org.springframework.web.context.support.StandardServletEnvironment]Adding [jndiProperties] PropertySource with lowest search precedence
[DEBUG][2017-04-12 18:04:33,522][org.springframework.web.context.support.StandardServletEnvironment]Adding [systemProperties] PropertySource with lowest search precedence
[DEBUG][2017-04-12 18:04:33,539][org.springframework.web.context.support.StandardServletEnvironment]Adding [systemEnvironment] PropertySource with lowest search precedence
[DEBUG][2017-04-12 18:04:33,540][org.springframework.web.context.support.StandardServletEnvironment]Initialized StandardServletEnvironment with PropertySources [servletConfigInitParams,servletContextInitParams,jndiProperties,systemProperties,systemEnvironment]
[DEBUG][2017-04-12 18:04:33,575][org.springframework.core.io.support.PathMatchingResourcePatternResolver]Looking for matching resources in directory tree [C:\workspacezz\hi\target\test-classes]
[DEBUG][2017-04-12 18:04:33,575][org.springframework.core.io.support.PathMatchingResourcePatternResolver]Searching directory [C:\workspacezz\hi\target\test-classes] for files matching pattern [C:/workspacezz/hi/target/test-classes/spring*.xml]
[DEBUG][2017-04-12 18:04:33,585][org.springframework.core.io.support.PathMatchingResourcePatternResolver]Resolved location pattern [classpath:spring*.xml] to resources []
[DEBUG][2017-04-12 18:04:33,586][org.springframework.beans.factory.xml.XmlBeanDefinitionReader]Loaded 0 bean definitions from location pattern [classpath:spring*.xml]
[INFO][2017-04-12 18:04:33,642][org.springframework.web.context.support.GenericWebApplicationContext]Refreshing org.springframework.web.context.support.GenericWebApplicationContext@2a73f761: startup date [Wed Apr 12 18:04:33 CST 2017]; root of context hierarchy
[DEBUG][2017-04-12 18:04:33,653][org.springframework.web.context.support.StandardServletEnvironment]Replacing [servletContextInitParams] PropertySource with [servletContextInitParams]
[DEBUG][2017-04-12 18:04:33,653][org.springframework.web.context.support.GenericWebApplicationContext]Bean factory for org.springframework.web.context.support.GenericWebApplicationContext@2a73f761: org.springframework.beans.factory.support.DefaultListableBeanFactory@6e084dd9: defining beans [org.springframework.context.annotation.internalConfigurationAnnotationProcessor,org.springframework.context.annotation.internalAutowiredAnnotationProcessor,org.springframework.context.annotation.internalRequiredAnnotationProcessor,org.springframework.context.annotation.internalCommonAnnotationProcessor]; root of factory hierarchy
[DEBUG][2017-04-12 18:04:33,671][org.springframework.beans.factory.support.DefaultListableBeanFactory]Creating shared instance of singleton bean 'org.springframework.context.annotation.internalConfigurationAnnotationProcessor'
[DEBUG][2017-04-12 18:04:33,672][org.springframework.beans.factory.support.DefaultListableBeanFactory]Creating instance of bean 'org.springframework.context.annotation.internalConfigurationAnnotationProcessor'
[DEBUG][2017-04-12 18:04:33,691][org.springframework.beans.factory.support.DefaultListableBeanFactory]Eagerly caching bean 'org.springframework.context.annotation.internalConfigurationAnnotationProcessor' to allow for resolving potential circular references
[DEBUG][2017-04-12 18:04:33,693][org.springframework.beans.factory.support.DefaultListableBeanFactory]Finished creating instance of bean 'org.springframework.context.annotation.internalConfigurationAnnotationProcessor'
[DEBUG][2017-04-12 18:04:33,701][org.springframework.beans.factory.support.DefaultListableBeanFactory]Creating shared instance of singleton bean 'org.springframework.context.annotation.internalAutowiredAnnotationProcessor'
[DEBUG][2017-04-12 18:04:33,701][org.springframework.beans.factory.support.DefaultListableBeanFactory]Creating instance of bean 'org.springframework.context.annotation.internalAutowiredAnnotationProcessor'
[DEBUG][2017-04-12 18:04:33,702][org.springframework.beans.factory.support.DefaultListableBeanFactory]Eagerly caching bean 'org.springframework.context.annotation.internalAutowiredAnnotationProcessor' to allow for resolving potential circular references
[DEBUG][2017-04-12 18:04:33,702][org.springframework.beans.factory.support.DefaultListableBeanFactory]Finished creating instance of bean 'org.springframework.context.annotation.internalAutowiredAnnotationProcessor'
[DEBUG][2017-04-12 18:04:33,702][org.springframework.beans.factory.support.DefaultListableBeanFactory]Creating shared instance of singleton bean 'org.springframework.context.annotation.internalRequiredAnnotationProcessor'
[DEBUG][2017-04-12 18:04:33,702][org.springframework.beans.factory.support.DefaultListableBeanFactory]Creating instance of bean 'org.springframework.context.annotation.internalRequiredAnnotationProcessor'
[DEBUG][2017-04-12 18:04:33,703][org.springframework.beans.factory.support.DefaultListableBeanFactory]Eagerly caching bean 'org.springframework.context.annotation.internalRequiredAnnotationProcessor' to allow for resolving potential circular references
[DEBUG][2017-04-12 18:04:33,703][org.springframework.beans.factory.support.DefaultListableBeanFactory]Finished creating instance of bean 'org.springframework.context.annotation.internalRequiredAnnotationProcessor'
[DEBUG][2017-04-12 18:04:33,703][org.springframework.beans.factory.support.DefaultListableBeanFactory]Creating shared instance of singleton bean 'org.springframework.context.annotation.internalCommonAnnotationProcessor'
[DEBUG][2017-04-12 18:04:33,703][org.springframework.beans.factory.support.DefaultListableBeanFactory]Creating instance of bean 'org.springframework.context.annotation.internalCommonAnnotationProcessor'
[DEBUG][2017-04-12 18:04:33,705][org.springframework.beans.factory.support.DefaultListableBeanFactory]Eagerly caching bean 'org.springframework.context.annotation.internalCommonAnnotationProcessor' to allow for resolving potential circular references
[DEBUG][2017-04-12 18:04:33,705][org.springframework.beans.factory.support.DefaultListableBeanFactory]Finished creating instance of bean 'org.springframework.context.annotation.internalCommonAnnotationProcessor'
[DEBUG][2017-04-12 18:04:33,705][org.springframework.beans.factory.support.DefaultListableBeanFactory]Creating shared instance of singleton bean 'org.springframework.context.annotation.ConfigurationClassPostProcessor.importAwareProcessor'
[DEBUG][2017-04-12 18:04:33,705][org.springframework.beans.factory.support.DefaultListableBeanFactory]Creating instance of bean 'org.springframework.context.annotation.ConfigurationClassPostProcessor.importAwareProcessor'
[DEBUG][2017-04-12 18:04:33,706][org.springframework.beans.factory.support.DefaultListableBeanFactory]Eagerly caching bean 'org.springframework.context.annotation.ConfigurationClassPostProcessor.importAwareProcessor' to allow for resolving potential circular references
[DEBUG][2017-04-12 18:04:33,706][org.springframework.beans.factory.support.DefaultListableBeanFactory]Finished creating instance of bean 'org.springframework.context.annotation.ConfigurationClassPostProcessor.importAwareProcessor'
[DEBUG][2017-04-12 18:04:33,708][org.springframework.web.context.support.GenericWebApplicationContext]Unable to locate MessageSource with name 'messageSource': using default [org.springframework.context.support.DelegatingMessageSource@6b4f7392]
[DEBUG][2017-04-12 18:04:33,710][org.springframework.web.context.support.GenericWebApplicationContext]Unable to locate ApplicationEventMulticaster with name 'applicationEventMulticaster': using default [org.springframework.context.event.SimpleApplicationEventMulticaster@5efbfd6e]
[DEBUG][2017-04-12 18:04:33,712][org.springframework.ui.context.support.UiApplicationContextUtils]Unable to locate ThemeSource with name 'themeSource': using default [org.springframework.ui.context.support.ResourceBundleThemeSource@471414cd]
[INFO][2017-04-12 18:04:33,713][org.springframework.beans.factory.support.DefaultListableBeanFactory]Pre-instantiating singletons in org.springframework.beans.factory.support.DefaultListableBeanFactory@6e084dd9: defining beans [org.springframework.context.annotation.internalConfigurationAnnotationProcessor,org.springframework.context.annotation.internalAutowiredAnnotationProcessor,org.springframework.context.annotation.internalRequiredAnnotationProcessor,org.springframework.context.annotation.internalCommonAnnotationProcessor,org.springframework.context.annotation.ConfigurationClassPostProcessor.importAwareProcessor]; root of factory hierarchy
[DEBUG][2017-04-12 18:04:33,713][org.springframework.beans.factory.support.DefaultListableBeanFactory]Returning cached instance of singleton bean 'org.springframework.context.annotation.internalConfigurationAnnotationProcessor'
[DEBUG][2017-04-12 18:04:33,713][org.springframework.beans.factory.support.DefaultListableBeanFactory]Returning cached instance of singleton bean 'org.springframework.context.annotation.internalAutowiredAnnotationProcessor'
[DEBUG][2017-04-12 18:04:33,713][org.springframework.beans.factory.support.DefaultListableBeanFactory]Returning cached instance of singleton bean 'org.springframework.context.annotation.internalRequiredAnnotationProcessor'
[DEBUG][2017-04-12 18:04:33,713][org.springframework.beans.factory.support.DefaultListableBeanFactory]Returning cached instance of singleton bean 'org.springframework.context.annotation.internalCommonAnnotationProcessor'
[DEBUG][2017-04-12 18:04:33,713][org.springframework.beans.factory.support.DefaultListableBeanFactory]Returning cached instance of singleton bean 'org.springframework.context.annotation.ConfigurationClassPostProcessor.importAwareProcessor'
[DEBUG][2017-04-12 18:04:33,715][org.springframework.web.context.support.GenericWebApplicationContext]Unable to locate LifecycleProcessor with name 'lifecycleProcessor': using default [org.springframework.context.support.DefaultLifecycleProcessor@1fc247ad]
[DEBUG][2017-04-12 18:04:33,715][org.springframework.beans.factory.support.DefaultListableBeanFactory]Returning cached instance of singleton bean 'lifecycleProcessor'
[DEBUG][2017-04-12 18:04:33,716][org.springframework.core.env.PropertySourcesPropertyResolver]Searching for key 'spring.liveBeansView.mbeanDomain' in [servletConfigInitParams]
[DEBUG][2017-04-12 18:04:33,717][org.springframework.core.env.PropertySourcesPropertyResolver]Searching for key 'spring.liveBeansView.mbeanDomain' in [servletContextInitParams]
[DEBUG][2017-04-12 18:04:33,717][org.springframework.core.env.PropertySourcesPropertyResolver]Searching for key 'spring.liveBeansView.mbeanDomain' in [jndiProperties]
[DEBUG][2017-04-12 18:04:33,717][org.springframework.jndi.JndiTemplate]Looking up JNDI object with name [java:comp/env/spring.liveBeansView.mbeanDomain]
[DEBUG][2017-04-12 18:04:33,718][org.springframework.jndi.JndiLocatorDelegate]Converted JNDI name [java:comp/env/spring.liveBeansView.mbeanDomain] not found - trying original name [spring.liveBeansView.mbeanDomain]. javax.naming.NoInitialContextException: Need to specify class name in environment or system property, or as an applet parameter, or in an application resource file:  java.naming.factory.initial
[DEBUG][2017-04-12 18:04:33,718][org.springframework.jndi.JndiTemplate]Looking up JNDI object with name [spring.liveBeansView.mbeanDomain]
[DEBUG][2017-04-12 18:04:33,718][org.springframework.jndi.JndiPropertySource]JNDI lookup for name [spring.liveBeansView.mbeanDomain] threw NamingException with message: Need to specify class name in environment or system property, or as an applet parameter, or in an application resource file:  java.naming.factory.initial. Returning null.
[DEBUG][2017-04-12 18:04:33,719][org.springframework.core.env.PropertySourcesPropertyResolver]Searching for key 'spring.liveBeansView.mbeanDomain' in [systemProperties]
[DEBUG][2017-04-12 18:04:33,719][org.springframework.core.env.PropertySourcesPropertyResolver]Searching for key 'spring.liveBeansView.mbeanDomain' in [systemEnvironment]
[DEBUG][2017-04-12 18:04:33,719][org.springframework.core.env.PropertySourcesPropertyResolver]Could not find key 'spring.liveBeansView.mbeanDomain' in any property source. Returning [null]
[DEBUG][2017-04-12 18:04:33,720][org.springframework.test.context.CacheAwareContextLoaderDelegate]Storing ApplicationContext in cache under key [[WebMergedContextConfiguration@621c6849 testClass = TestJ, locations = '{classpath:spring*.xml}', classes = '{}', contextInitializerClasses = '[]', activeProfiles = '{}', resourceBasePath = 'src/main/webapp', contextLoader = 'org.springframework.test.context.web.WebDelegatingSmartContextLoader', parent = [null]]].
[DEBUG][2017-04-12 18:04:33,721][org.springframework.test.context.web.ServletTestExecutionListener]Setting up MockHttpServletRequest, MockHttpServletResponse, ServletWebRequest, and RequestContextHolder for test context [TestContext@a514344 testClass = TestJ, testInstance = com.zz.controller.TestJ@5d172aa6, testMethod = [null], testException = [null], mergedContextConfiguration = [WebMergedContextConfiguration@621c6849 testClass = TestJ, locations = '{classpath:spring*.xml}', classes = '{}', contextInitializerClasses = '[]', activeProfiles = '{}', resourceBasePath = 'src/main/webapp', contextLoader = 'org.springframework.test.context.web.WebDelegatingSmartContextLoader', parent = [null]]].
[DEBUG][2017-04-12 18:04:33,748][org.springframework.test.context.support.DependencyInjectionTestExecutionListener]Performing dependency injection for test context [[TestContext@a514344 testClass = TestJ, testInstance = com.zz.controller.TestJ@5d172aa6, testMethod = [null], testException = [null], mergedContextConfiguration = [WebMergedContextConfiguration@621c6849 testClass = TestJ, locations = '{classpath:spring*.xml}', classes = '{}', contextInitializerClasses = '[]', activeProfiles = '{}', resourceBasePath = 'src/main/webapp', contextLoader = 'org.springframework.test.context.web.WebDelegatingSmartContextLoader', parent = [null]]]].
[DEBUG][2017-04-12 18:04:33,749][org.springframework.test.context.CacheAwareContextLoaderDelegate]Retrieved ApplicationContext from cache with key [[WebMergedContextConfiguration@621c6849 testClass = TestJ, locations = '{classpath:spring*.xml}', classes = '{}', contextInitializerClasses = '[]', activeProfiles = '{}', resourceBasePath = 'src/main/webapp', contextLoader = 'org.springframework.test.context.web.WebDelegatingSmartContextLoader', parent = [null]]].
[DEBUG][2017-04-12 18:04:33,789][org.springframework.beans.factory.annotation.InjectionMetadata]Processing injected method of bean 'com.zz.controller.TestJ': AutowiredMethodElement for public void org.springframework.test.context.junit4.AbstractTransactionalJUnit4SpringContextTests.setDataSource(javax.sql.DataSource)
[ERROR][2017-04-12 18:04:33,800][org.springframework.test.context.TestContextManager]Caught exception while allowing TestExecutionListener [org.springframework.test.context.support.DependencyInjectionTestExecutionListener@10a7a849] to prepare test instance [com.zz.controller.TestJ@5d172aa6]
org.springframework.beans.factory.BeanCreationException: Error creating bean with name 'com.zz.controller.TestJ': Injection of autowired dependencies failed; nested exception is org.springframework.beans.factory.BeanCreationException: Could not autowire method: public void org.springframework.test.context.junit4.AbstractTransactionalJUnit4SpringContextTests.setDataSource(javax.sql.DataSource); nested exception is org.springframework.beans.factory.NoSuchBeanDefinitionException: No qualifying bean of type [javax.sql.DataSource] found for dependency: expected at least 1 bean which qualifies as autowire candidate for this dependency. Dependency annotations: {}
	at org.springframework.beans.factory.annotation.AutowiredAnnotationBeanPostProcessor.postProcessPropertyValues(AutowiredAnnotationBeanPostProcessor.java:289)
	at org.springframework.beans.factory.support.AbstractAutowireCapableBeanFactory.populateBean(AbstractAutowireCapableBeanFactory.java:1146)
	at org.springframework.beans.factory.support.AbstractAutowireCapableBeanFactory.autowireBeanProperties(AbstractAutowireCapableBeanFactory.java:376)
	at org.springframework.test.context.support.DependencyInjectionTestExecutionListener.injectDependencies(DependencyInjectionTestExecutionListener.java:110)
	at org.springframework.test.context.support.DependencyInjectionTestExecutionListener.prepareTestInstance(DependencyInjectionTestExecutionListener.java:75)
	at org.springframework.test.context.TestContextManager.prepareTestInstance(TestContextManager.java:321)
	at org.springframework.test.context.junit4.SpringJUnit4ClassRunner.createTest(SpringJUnit4ClassRunner.java:211)
	at org.springframework.test.context.junit4.SpringJUnit4ClassRunner$1.runReflectiveCall(SpringJUnit4ClassRunner.java:288)
	at org.junit.internal.runners.model.ReflectiveCallable.run(ReflectiveCallable.java:12)
	at org.springframework.test.context.junit4.SpringJUnit4ClassRunner.methodBlock(SpringJUnit4ClassRunner.java:284)
	at org.springframework.test.context.junit4.SpringJUnit4ClassRunner.runChild(SpringJUnit4ClassRunner.java:231)
	at org.springframework.test.context.junit4.SpringJUnit4ClassRunner.runChild(SpringJUnit4ClassRunner.java:88)
	at org.junit.runners.ParentRunner$3.run(ParentRunner.java:238)
	at org.junit.runners.ParentRunner$1.schedule(ParentRunner.java:63)
	at org.junit.runners.ParentRunner.runChildren(ParentRunner.java:236)
	at org.junit.runners.ParentRunner.access$000(ParentRunner.java:53)
	at org.junit.runners.ParentRunner$2.evaluate(ParentRunner.java:229)
	at org.springframework.test.context.junit4.statements.RunBeforeTestClassCallbacks.evaluate(RunBeforeTestClassCallbacks.java:61)
	at org.springframework.test.context.junit4.statements.RunAfterTestClassCallbacks.evaluate(RunAfterTestClassCallbacks.java:71)
	at org.junit.runners.ParentRunner.run(ParentRunner.java:309)
	at org.springframework.test.context.junit4.SpringJUnit4ClassRunner.run(SpringJUnit4ClassRunner.java:174)
	at org.eclipse.jdt.internal.junit4.runner.JUnit4TestReference.run(JUnit4TestReference.java:86)
	at org.eclipse.jdt.internal.junit.runner.TestExecution.run(TestExecution.java:38)
	at org.eclipse.jdt.internal.junit.runner.RemoteTestRunner.runTests(RemoteTestRunner.java:459)
	at org.eclipse.jdt.internal.junit.runner.RemoteTestRunner.runTests(RemoteTestRunner.java:675)
	at org.eclipse.jdt.internal.junit.runner.RemoteTestRunner.run(RemoteTestRunner.java:382)
	at org.eclipse.jdt.internal.junit.runner.RemoteTestRunner.main(RemoteTestRunner.java:192)
Caused by: org.springframework.beans.factory.BeanCreationException: Could not autowire method: public void org.springframework.test.context.junit4.AbstractTransactionalJUnit4SpringContextTests.setDataSource(javax.sql.DataSource); nested exception is org.springframework.beans.factory.NoSuchBeanDefinitionException: No qualifying bean of type [javax.sql.DataSource] found for dependency: expected at least 1 bean which qualifies as autowire candidate for this dependency. Dependency annotations: {}
	at org.springframework.beans.factory.annotation.AutowiredAnnotationBeanPostProcessor$AutowiredMethodElement.inject(AutowiredAnnotationBeanPostProcessor.java:604)
	at org.springframework.beans.factory.annotation.InjectionMetadata.inject(InjectionMetadata.java:87)
	at org.springframework.beans.factory.annotation.AutowiredAnnotationBeanPostProcessor.postProcessPropertyValues(AutowiredAnnotationBeanPostProcessor.java:286)
	... 26 more
Caused by: org.springframework.beans.factory.NoSuchBeanDefinitionException: No qualifying bean of type [javax.sql.DataSource] found for dependency: expected at least 1 bean which qualifies as autowire candidate for this dependency. Dependency annotations: {}
	at org.springframework.beans.factory.support.DefaultListableBeanFactory.raiseNoSuchBeanDefinitionException(DefaultListableBeanFactory.java:993)
	at org.springframework.beans.factory.support.DefaultListableBeanFactory.doResolveDependency(DefaultListableBeanFactory.java:863)
	at org.springframework.beans.factory.support.DefaultListableBeanFactory.resolveDependency(DefaultListableBeanFactory.java:775)
	at org.springframework.beans.factory.annotation.AutowiredAnnotationBeanPostProcessor$AutowiredMethodElement.inject(AutowiredAnnotationBeanPostProcessor.java:561)
	... 28 more
[DEBUG][2017-04-12 18:04:33,830][org.springframework.test.context.support.DirtiesContextTestExecutionListener]After test class: context [[TestContext@a514344 testClass = TestJ, testInstance = [null], testMethod = [null], testException = [null], mergedContextConfiguration = [WebMergedContextConfiguration@621c6849 testClass = TestJ, locations = '{classpath:spring*.xml}', classes = '{}', contextInitializerClasses = '[]', activeProfiles = '{}', resourceBasePath = 'src/main/webapp', contextLoader = 'org.springframework.test.context.web.WebDelegatingSmartContextLoader', parent = [null]]]], dirtiesContext [false].
[INFO][2017-04-12 18:04:33,868][org.springframework.web.context.support.GenericWebApplicationContext]Closing org.springframework.web.context.support.GenericWebApplicationContext@2a73f761: startup date [Wed Apr 12 18:04:33 CST 2017]; root of context hierarchy
[DEBUG][2017-04-12 18:04:33,869][org.springframework.beans.factory.support.DefaultListableBeanFactory]Returning cached instance of singleton bean 'lifecycleProcessor'
[INFO][2017-04-12 18:04:33,869][org.springframework.beans.factory.support.DefaultListableBeanFactory]Destroying singletons in org.springframework.beans.factory.support.DefaultListableBeanFactory@6e084dd9: defining beans [org.springframework.context.annotation.internalConfigurationAnnotationProcessor,org.springframework.context.annotation.internalAutowiredAnnotationProcessor,org.springframework.context.annotation.internalRequiredAnnotationProcessor,org.springframework.context.annotation.internalCommonAnnotationProcessor,org.springframework.context.annotation.ConfigurationClassPostProcessor.importAwareProcessor]; root of factory hierarchy
